<?xml version="1.0" encoding="UTF-8"?>
<testng-results skipped="0" failed="0" ignored="3" total="7" passed="4">
  <reporter-output>
  </reporter-output>
  <suite name="Suite" duration-ms="33644" started-at="2019-07-24T14:12:58Z" finished-at="2019-07-24T14:13:32Z">
    <groups>
    </groups>
    <test name="Test" duration-ms="33644" started-at="2019-07-24T14:12:58Z" finished-at="2019-07-24T14:13:32Z">
      <class name="selenium.ComposeMail">
        <test-method status="PASS" signature="compose()[pri:3, instance:selenium.ComposeMail@bae7dc0]" name="compose" duration-ms="21433" started-at="2019-07-24T14:13:07Z" finished-at="2019-07-24T14:13:29Z">
          <reporter-output>
          </reporter-output>
        </test-method> <!-- compose -->
        <test-method status="PASS" signature="teardown(org.testng.ITestResult)[pri:0, instance:selenium.ComposeMail@bae7dc0]" name="teardown" is-config="true" duration-ms="1" started-at="2019-07-24T14:13:29Z" finished-at="2019-07-24T14:13:29Z">
          <params>
            <param index="0">
              <value>
                <![CDATA[[TestResult name=compose status=SUCCESS method=ComposeMail.compose()[pri:3, instance:selenium.ComposeMail@bae7dc0] output={null}]]]>
              </value>
            </param>
          </params>
          <reporter-output>
          </reporter-output>
        </test-method> <!-- teardown -->
        <test-method status="PASS" signature="draft()[pri:4, instance:selenium.ComposeMail@bae7dc0]" name="draft" duration-ms="2065" started-at="2019-07-24T14:13:29Z" finished-at="2019-07-24T14:13:31Z">
          <reporter-output>
          </reporter-output>
        </test-method> <!-- draft -->
        <test-method status="PASS" signature="teardown(org.testng.ITestResult)[pri:0, instance:selenium.ComposeMail@bae7dc0]" name="teardown" is-config="true" duration-ms="1" started-at="2019-07-24T14:13:31Z" finished-at="2019-07-24T14:13:31Z">
          <params>
            <param index="0">
              <value>
                <![CDATA[[TestResult name=draft status=SUCCESS method=ComposeMail.draft()[pri:4, instance:selenium.ComposeMail@bae7dc0] output={null}]]]>
              </value>
            </param>
          </params>
          <reporter-output>
          </reporter-output>
        </test-method> <!-- teardown -->
      </class> <!-- selenium.ComposeMail -->
      <class name="selenium.Gmail">
        <test-method status="PASS" signature="intail()[pri:0, instance:selenium.Gmail@4f2b503c]" name="intail" is-config="true" duration-ms="8603" started-at="2019-07-24T14:12:49Z" finished-at="2019-07-24T14:12:58Z">
          <reporter-output>
          </reporter-output>
        </test-method> <!-- intail -->
        <test-method status="PASS" signature="extent()[pri:0, instance:selenium.Gmail@4f2b503c]" name="extent" is-config="true" duration-ms="152" started-at="2019-07-24T14:12:58Z" finished-at="2019-07-24T14:12:58Z">
          <reporter-output>
          </reporter-output>
        </test-method> <!-- extent -->
        <test-method status="PASS" signature="gmailSearch()[pri:1, instance:selenium.Gmail@4f2b503c]" name="gmailSearch" duration-ms="6307" started-at="2019-07-24T14:12:58Z" finished-at="2019-07-24T14:13:04Z">
          <reporter-output>
          </reporter-output>
        </test-method> <!-- gmailSearch -->
        <test-method status="PASS" signature="teardown(org.testng.ITestResult)[pri:0, instance:selenium.Gmail@4f2b503c]" name="teardown" is-config="true" duration-ms="10" started-at="2019-07-24T14:13:04Z" finished-at="2019-07-24T14:13:04Z">
          <params>
            <param index="0">
              <value>
                <![CDATA[[TestResult name=gmailSearch status=SUCCESS method=Gmail.gmailSearch()[pri:1, instance:selenium.Gmail@4f2b503c] output={null}]]]>
              </value>
            </param>
          </params>
          <reporter-output>
          </reporter-output>
        </test-method> <!-- teardown -->
        <test-method status="PASS" signature="login()[pri:2, instance:selenium.Gmail@4f2b503c]" name="login" duration-ms="3007" started-at="2019-07-24T14:13:04Z" finished-at="2019-07-24T14:13:07Z">
          <reporter-output>
          </reporter-output>
        </test-method> <!-- login -->
        <test-method status="PASS" signature="teardown(org.testng.ITestResult)[pri:0, instance:selenium.Gmail@4f2b503c]" name="teardown" is-config="true" duration-ms="1" started-at="2019-07-24T14:13:07Z" finished-at="2019-07-24T14:13:07Z">
          <params>
            <param index="0">
              <value>
                <![CDATA[[TestResult name=login status=SUCCESS method=Gmail.login()[pri:2, instance:selenium.Gmail@4f2b503c] output={null}]]]>
              </value>
            </param>
          </params>
          <reporter-output>
          </reporter-output>
        </test-method> <!-- teardown -->
        <test-method status="PASS" signature="endExtent()[pri:0, instance:selenium.Gmail@4f2b503c]" name="endExtent" is-config="true" duration-ms="630" started-at="2019-07-24T14:13:31Z" finished-at="2019-07-24T14:13:32Z">
          <reporter-output>
          </reporter-output>
        </test-method> <!-- endExtent -->
      </class> <!-- selenium.Gmail -->
    </test> <!-- Test -->
  </suite> <!-- Suite -->
</testng-results>
