<?xml version="1.0" encoding="UTF-8"?>
<testng-results skipped="0" failed="0" ignored="0" total="2" passed="2">
  <reporter-output>
  </reporter-output>
  <suite name="Suite" duration-ms="10113" started-at="2019-07-23T19:48:06Z" finished-at="2019-07-23T19:48:16Z">
    <groups>
    </groups>
    <test name="Test" duration-ms="10113" started-at="2019-07-23T19:48:06Z" finished-at="2019-07-23T19:48:16Z">
      <class name="selenium.Gmail">
        <test-method status="PASS" signature="intail()[pri:0, instance:selenium.Gmail@6fd83fc1]" name="intail" is-config="true" duration-ms="6348" started-at="2019-07-23T19:48:00Z" finished-at="2019-07-23T19:48:06Z">
          <reporter-output>
          </reporter-output>
        </test-method> <!-- intail -->
        <test-method status="PASS" signature="extent()[pri:0, instance:selenium.Gmail@6fd83fc1]" name="extent" is-config="true" duration-ms="118" started-at="2019-07-23T19:48:06Z" finished-at="2019-07-23T19:48:06Z">
          <reporter-output>
          </reporter-output>
        </test-method> <!-- extent -->
        <test-method status="PASS" signature="gmailSearch()[pri:1, instance:selenium.Gmail@6fd83fc1]" name="gmailSearch" duration-ms="5725" started-at="2019-07-23T19:48:06Z" finished-at="2019-07-23T19:48:12Z">
          <reporter-output>
          </reporter-output>
        </test-method> <!-- gmailSearch -->
        <test-method status="PASS" signature="teardown(org.testng.ITestResult)[pri:0, instance:selenium.Gmail@6fd83fc1]" name="teardown" is-config="true" duration-ms="11" started-at="2019-07-23T19:48:12Z" finished-at="2019-07-23T19:48:12Z">
          <params>
            <param index="0">
              <value>
                <![CDATA[[TestResult name=gmailSearch status=SUCCESS method=Gmail.gmailSearch()[pri:1, instance:selenium.Gmail@6fd83fc1] output={null}]]]>
              </value>
            </param>
          </params>
          <reporter-output>
          </reporter-output>
        </test-method> <!-- teardown -->
        <test-method status="PASS" signature="login()[pri:2, instance:selenium.Gmail@6fd83fc1]" name="login" duration-ms="3719" started-at="2019-07-23T19:48:12Z" finished-at="2019-07-23T19:48:16Z">
          <reporter-output>
          </reporter-output>
        </test-method> <!-- login -->
        <test-method status="PASS" signature="teardown(org.testng.ITestResult)[pri:0, instance:selenium.Gmail@6fd83fc1]" name="teardown" is-config="true" duration-ms="1" started-at="2019-07-23T19:48:16Z" finished-at="2019-07-23T19:48:16Z">
          <params>
            <param index="0">
              <value>
                <![CDATA[[TestResult name=login status=SUCCESS method=Gmail.login()[pri:2, instance:selenium.Gmail@6fd83fc1] output={null}]]]>
              </value>
            </param>
          </params>
          <reporter-output>
          </reporter-output>
        </test-method> <!-- teardown -->
        <test-method status="PASS" signature="endExtent()[pri:0, instance:selenium.Gmail@6fd83fc1]" name="endExtent" is-config="true" duration-ms="513" started-at="2019-07-23T19:48:16Z" finished-at="2019-07-23T19:48:16Z">
          <reporter-output>
          </reporter-output>
        </test-method> <!-- endExtent -->
      </class> <!-- selenium.Gmail -->
    </test> <!-- Test -->
  </suite> <!-- Suite -->
</testng-results>
