<?xml version="1.0" encoding="UTF-8"?>
<!-- Generated by org.testng.reporters.JUnitXMLReporter -->
<testsuite hostname="DESKTOP-1M3J3HM" ignored="3" name="Test" tests="4" failures="0" timestamp="24 Jul 2019 14:13:32 GMT" time="33.644" errors="0">
  <testcase name="gmailSearch" time="6.307" classname="selenium.Gmail"/>
  <testcase name="login" time="3.007" classname="selenium.Gmail"/>
  <testcase name="compose" time="21.433" classname="selenium.ComposeMail"/>
  <testcase name="draft" time="2.065" classname="selenium.ComposeMail"/>
  <testcase name="@BeforeSuite intail" time="0.0" classname="com.base.LoginAndlogOut">
    <ignored/>
  </testcase> <!-- @BeforeSuite intail -->
  <testcase name="@BeforeTest extent" time="0.0" classname="com.base.LoginAndlogOut">
    <ignored/>
  </testcase> <!-- @BeforeTest extent -->
  <testcase name="@AfterTest endExtent" time="0.0" classname="com.base.LoginAndlogOut">
    <ignored/>
  </testcase> <!-- @AfterTest endExtent -->
</testsuite> <!-- Test -->
